Using pre-set license
Built from '2021.1/staging' branch; Version is '2021.1.23f1 (b50729e604a9) revision 11863849'; Using compiler version '192528614'; Build Type 'Release'
OS: 'Windows 10 Education; OS build 19043.1288; Version 2009; 64bit' Language: 'pl' Physical Memory: 16330 MB
BatchMode: 1, IsHumanControllingUs: 0, StartBugReporterOnCrash: 0, Is64bit: 1, IsPro: 0

COMMAND LINE ARGUMENTS:
C:\Program Files\Unity\Hub\Editor\2021.1.23f1\Editor\Unity.exe
-adb2
-batchMode
-noUpm
-name
AssetImportWorker0
-projectPath
C:/Users/msankows/Desktop/zespolowy/Unity/Hamsters
-logFile
Logs/AssetImportWorker0.log
-srvPort
52956
Successfully changed project path to: C:/Users/msankows/Desktop/zespolowy/Unity/Hamsters
C:/Users/msankows/Desktop/zespolowy/Unity/Hamsters
Using Asset Import Pipeline V2.
Refreshing native plugins compatible for Editor in 80.31 ms, found 3 plugins.
Preloading 0 native plugins for Editor in 0.00 ms.
Initialize engine version: 2021.1.23f1 (b50729e604a9)
[Subsystems] Discovering subsystems at path C:/Program Files/Unity/Hub/Editor/2021.1.23f1/Editor/Data/Resources/UnitySubsystems
[Subsystems] Discovering subsystems at path C:/Users/msankows/Desktop/zespolowy/Unity/Hamsters/Assets
GfxDevice: creating device client; threaded=0; jobified=0
Direct3D:
    Version:  Direct3D 11.0 [level 11.1]
    Renderer: NVIDIA GeForce GTX 1070 (ID=0x1b81)
    Vendor:   NVIDIA
    VRAM:     8088 MB
    Driver:   30.0.14.7212
Initialize mono
Mono path[0] = 'C:/Program Files/Unity/Hub/Editor/2021.1.23f1/Editor/Data/Managed'
Mono path[1] = 'C:/Program Files/Unity/Hub/Editor/2021.1.23f1/Editor/Data/MonoBleedingEdge/lib/mono/unityjit'
Mono config path = 'C:/Program Files/Unity/Hub/Editor/2021.1.23f1/Editor/Data/MonoBleedingEdge/etc'
Using monoOptions --debugger-agent=transport=dt_socket,embedding=1,server=y,suspend=n,address=127.0.0.1:56236
Begin MonoManager ReloadAssembly
Registering precompiled unity dll's ...
Register platform support module: C:/Program Files/Unity/Hub/Editor/2021.1.23f1/Editor/Data/PlaybackEngines/WindowsStandaloneSupport/UnityEditor.WindowsStandalone.Extensions.dll
Registered in 0.001882 seconds.
Native extension for WindowsStandalone target not found
Refreshing native plugins compatible for Editor in 76.59 ms, found 3 plugins.
Preloading 0 native plugins for Editor in 0.00 ms.
Mono: successfully reloaded assembly
- Completed reload, in  1.557 seconds
Domain Reload Profiling:
	ReloadAssembly (1558ms)
		BeginReloadAssembly (66ms)
			ExecutionOrderSort (0ms)
			DisableScriptedObjects (0ms)
			BackupInstance (0ms)
			ReleaseScriptingObjects (0ms)
			CreateAndSetChildDomain (1ms)
		EndReloadAssembly (435ms)
			LoadAssemblies (64ms)
			RebuildTransferFunctionScriptingTraits (0ms)
			SetupTypeCache (158ms)
			ReleaseScriptCaches (0ms)
			RebuildScriptCaches (28ms)
			SetupLoadedEditorAssemblies (205ms)
				LogAssemblyErrors (0ms)
				InitializePlatformSupportModulesInManaged (6ms)
				SetLoadedEditorAssemblies (0ms)
				RefreshPlugins (77ms)
				BeforeProcessingInitializeOnLoad (1ms)
				ProcessInitializeOnLoadAttributes (93ms)
				ProcessInitializeOnLoadMethodAttributes (29ms)
				AfterProcessingInitializeOnLoad (0ms)
				EditorAssembliesLoaded (0ms)
			ExecutionOrderSort2 (0ms)
			AwakeInstancesAfterBackupRestoration (0ms)
Platform modules already initialized, skipping
Registering precompiled user dll's ...
Registered in 0.004896 seconds.
Begin MonoManager ReloadAssembly
Symbol file LoadedFromMemory doesn't match image C:\Users\msankows\Desktop\zespolowy\Unity\Hamsters\Library\PackageCache\com.unity.visualscripting@1.6.1\Editor\VisualScripting.Core\Dependencies\YamlDotNet\Unity.VisualScripting.YamlDotNet.dll
Symbol file LoadedFromMemory doesn't match image C:\Users\msankows\Desktop\zespolowy\Unity\Hamsters\Library\PackageCache\com.unity.visualscripting@1.6.1\Editor\VisualScripting.Core\Dependencies\DotNetZip\Unity.VisualScripting.IonicZip.dll
Native extension for WindowsStandalone target not found
Refreshing native plugins compatible for Editor in 0.59 ms, found 3 plugins.
Preloading 0 native plugins for Editor in 0.00 ms.
Mono: successfully reloaded assembly
- Completed reload, in  1.024 seconds
Domain Reload Profiling:
	ReloadAssembly (1025ms)
		BeginReloadAssembly (149ms)
			ExecutionOrderSort (0ms)
			DisableScriptedObjects (4ms)
			BackupInstance (0ms)
			ReleaseScriptingObjects (0ms)
			CreateAndSetChildDomain (18ms)
		EndReloadAssembly (819ms)
			LoadAssemblies (92ms)
			RebuildTransferFunctionScriptingTraits (0ms)
			SetupTypeCache (321ms)
			ReleaseScriptCaches (0ms)
			RebuildScriptCaches (43ms)
			SetupLoadedEditorAssemblies (282ms)
				LogAssemblyErrors (0ms)
				InitializePlatformSupportModulesInManaged (4ms)
				SetLoadedEditorAssemblies (0ms)
				RefreshPlugins (1ms)
				BeforeProcessingInitializeOnLoad (64ms)
				ProcessInitializeOnLoadAttributes (201ms)
				ProcessInitializeOnLoadMethodAttributes (4ms)
				AfterProcessingInitializeOnLoad (7ms)
				EditorAssembliesLoaded (0ms)
			ExecutionOrderSort2 (0ms)
			AwakeInstancesAfterBackupRestoration (8ms)
Platform modules already initialized, skipping
========================================================================
Worker process is ready to serve import requests
Launched and connected shader compiler UnityShaderCompiler.exe after 0.05 seconds
Refreshing native plugins compatible for Editor in 0.56 ms, found 3 plugins.
Preloading 0 native plugins for Editor in 0.00 ms.
Unloading 2949 Unused Serialized files (Serialized files now loaded: 0)
System memory in use before: 105.7 MB.
System memory in use after: 105.9 MB.

Unloading 20 unused Assets to reduce memory usage. Loaded Objects now: 3395.
Total: 3.222300 ms (FindLiveObjects: 0.211400 ms CreateObjectMapping: 0.143700 ms MarkObjects: 2.793300 ms  DeleteObjects: 0.072700 ms)

AssetImportParameters requested are different than current active one (requested -> active):
  custom:framework-win-MediaFoundation: 216162199b28c13a410421893ffa2e32 -> 
  custom:video-decoder-ogg-theora: a1e56fd34408186e4bbccfd4996cb3dc -> 
  custom:container-muxer-webm: aa71ff27fc2769a1b78a27578f13a17b -> 
  custom:container-demuxer-webm: 4f35f7cbe854078d1ac9338744f61a02 -> 
  custom:container-demuxer-ogg: 62fdf1f143b41e24485cea50d1cbac27 -> 
  custom:video-encoder-webm-vp8: eb34c28f22e8b96e1ab97ce403110664 -> 
  custom:video-decoder-webm-vp8: 9c59270c3fd7afecdb556c50c9e8de78 -> 
  custom:audio-decoder-ogg-vorbis: bf7c407c2cedff20999df2af8eb42d56 -> 
  custom:audio-encoder-webm-vorbis: bf7c407c2cedff20999df2af8eb42d56 -> 
========================================================================
Received Import Request.
  path: Assets
  artifactKey: Guid(00000000000000001000000000000000) Importer(815301076,1909f56bfc062723c751e8b465ee728b)
Start importing Assets using Guid(00000000000000001000000000000000) Importer(815301076,1909f56bfc062723c751e8b465ee728b)  -> (artifact id: '42d402b061de3733987d63b9cc3b64de') in 0.004491 seconds 
========================================================================
Received Import Request.
  Time since last request: 4.455906 seconds.
  path: Assets/New Terrain Layer.terrainlayer
  artifactKey: Guid(c2314f65c2a79fe4c9f794163c0b1f74) Importer(815301076,1909f56bfc062723c751e8b465ee728b)
Start importing Assets/New Terrain Layer.terrainlayer using Guid(c2314f65c2a79fe4c9f794163c0b1f74) Importer(815301076,1909f56bfc062723c751e8b465ee728b)  -> (artifact id: '54237a200da57130579e6749453afb34') in 0.055441 seconds 
========================================================================
Received Import Request.
  Time since last request: 24.456093 seconds.
  path: Assets/New Terrain.asset
  artifactKey: Guid(2de70a8a20aa7bb4995200c7a5fa9dad) Importer(815301076,1909f56bfc062723c751e8b465ee728b)
Start importing Assets/New Terrain.asset using Guid(2de70a8a20aa7bb4995200c7a5fa9dad) Importer(815301076,1909f56bfc062723c751e8b465ee728b)  -> (artifact id: 'e73e5756a6153de9b4680dfaf08a948d') in 0.040061 seconds 
========================================================================
Received Import Request.
  Time since last request: 273.221940 seconds.
  path: Assets/TerrainData_7dcf8da4-0148-4c6c-acdb-61a4e6156819.asset
  artifactKey: Guid(9431895b91432374f84f161de09f8a4c) Importer(815301076,1909f56bfc062723c751e8b465ee728b)
Start importing Assets/TerrainData_7dcf8da4-0148-4c6c-acdb-61a4e6156819.asset using Guid(9431895b91432374f84f161de09f8a4c) Importer(815301076,1909f56bfc062723c751e8b465ee728b)  -> (artifact id: '5f8fadf5f289fb3e2fc1391a3d46b76d') in 0.006419 seconds 
========================================================================
Received Import Request.
  Time since last request: 0.740269 seconds.
  path: Assets/TerrainData_d3634f68-752f-4858-84b6-54c8c5df7c3e.asset
  artifactKey: Guid(8b4f82e6b53106541a589c40eff85cd2) Importer(815301076,1909f56bfc062723c751e8b465ee728b)
Start importing Assets/TerrainData_d3634f68-752f-4858-84b6-54c8c5df7c3e.asset using Guid(8b4f82e6b53106541a589c40eff85cd2) Importer(815301076,1909f56bfc062723c751e8b465ee728b)  -> (artifact id: '6c4023e706650d3a7c7aa13411764c83') in 0.006472 seconds 
========================================================================
Received Import Request.
  Time since last request: 0.395054 seconds.
  path: Assets/TerrainData_8a3e28d7-d3d5-4265-bd82-0f34626dc995.asset
  artifactKey: Guid(c419f8f98fde93c4a91c6d251baed146) Importer(815301076,1909f56bfc062723c751e8b465ee728b)
Start importing Assets/TerrainData_8a3e28d7-d3d5-4265-bd82-0f34626dc995.asset using Guid(c419f8f98fde93c4a91c6d251baed146) Importer(815301076,1909f56bfc062723c751e8b465ee728b)  -> (artifact id: 'eb2c8954aba212d7caa7501b9d766f33') in 0.005857 seconds 
========================================================================
Received Import Request.
  Time since last request: 245.327230 seconds.
  path: Assets/Scenes
  artifactKey: Guid(397ce40a7a34ff241afb547c2cde9eb4) Importer(815301076,1909f56bfc062723c751e8b465ee728b)
Start importing Assets/Scenes using Guid(397ce40a7a34ff241afb547c2cde9eb4) Importer(815301076,1909f56bfc062723c751e8b465ee728b)  -> (artifact id: 'bb4db723ff252291af661f51738a8d75') in 0.002524 seconds 
========================================================================
Received Import Request.
  Time since last request: 16.016637 seconds.
  path: Assets/New Terrain Material.mat
  artifactKey: Guid(e0c4cfe4dad5eb7419a9452219e52b44) Importer(815301076,1909f56bfc062723c751e8b465ee728b)
Start importing Assets/New Terrain Material.mat using Guid(e0c4cfe4dad5eb7419a9452219e52b44) Importer(815301076,1909f56bfc062723c751e8b465ee728b)  -> (artifact id: '22d8653956369581a8a2f7dd02663e2c') in 0.077140 seconds 
========================================================================
Received Import Request.
  Time since last request: 26.853227 seconds.
  path: Assets/New Material.mat
  artifactKey: Guid(367d4b9788dc92f41b02b411754122a4) Importer(815301076,1909f56bfc062723c751e8b465ee728b)
Start importing Assets/New Material.mat using Guid(367d4b9788dc92f41b02b411754122a4) Importer(815301076,1909f56bfc062723c751e8b465ee728b)  -> (artifact id: 'd5ca6d528fe71b0275fc1cb07e67cfc4') in 0.017933 seconds 
========================================================================
Received Import Request.
  Time since last request: 106.496877 seconds.
  path: Assets/Albedo.png
  artifactKey: Guid(806561ee95329b24d96aba2aafc55946) Importer(815301076,1909f56bfc062723c751e8b465ee728b)
Start importing Assets/Albedo.png using Guid(806561ee95329b24d96aba2aafc55946) Importer(815301076,1909f56bfc062723c751e8b465ee728b)  -> (artifact id: 'd6ed3d4553ce5e5d7ea80ce9f307990c') in 0.060441 seconds 
========================================================================
Received Import Request.
  Time since last request: 0.000222 seconds.
  path: Assets/Normal.png
  artifactKey: Guid(4dc8e94f0b523f444bf3ef3db705aec1) Importer(815301076,1909f56bfc062723c751e8b465ee728b)
Start importing Assets/Normal.png using Guid(4dc8e94f0b523f444bf3ef3db705aec1) Importer(815301076,1909f56bfc062723c751e8b465ee728b)  -> (artifact id: '354607790bae26bbc580841ec9426d79') in 0.007679 seconds 
========================================================================
Received Import Request.
  Time since last request: 0.000197 seconds.
  path: Assets/Hamster.fbx
  artifactKey: Guid(cc531a6c17937c4489c1cd345609b9c7) Importer(815301076,1909f56bfc062723c751e8b465ee728b)
Start importing Assets/Hamster.fbx using Guid(cc531a6c17937c4489c1cd345609b9c7) Importer(815301076,1909f56bfc062723c751e8b465ee728b)  -> (artifact id: 'e4a4ad5e725cd732926731aa86c4cf45') in 0.261597 seconds 
========================================================================
Received Import Request.
  Time since last request: 120.339362 seconds.
  path: Assets/New Material 1.mat
  artifactKey: Guid(a14f176ae623c084d93f8bf6214baa1b) Importer(815301076,1909f56bfc062723c751e8b465ee728b)
Start importing Assets/New Material 1.mat using Guid(a14f176ae623c084d93f8bf6214baa1b) Importer(815301076,1909f56bfc062723c751e8b465ee728b)  -> (artifact id: 'c6aaf0b5ba554507b7cba20d3c3c75cb') in 0.006557 seconds 
========================================================================
Received Import Request.
  Time since last request: 198.269938 seconds.
  path: Assets/New Material 2.mat
  artifactKey: Guid(944209135cb5e8e4597830ffaee56ede) Importer(815301076,1909f56bfc062723c751e8b465ee728b)
Start importing Assets/New Material 2.mat using Guid(944209135cb5e8e4597830ffaee56ede) Importer(815301076,1909f56bfc062723c751e8b465ee728b)  -> (artifact id: 'd0370ffa11b756840c01deda377ae568') in 0.006638 seconds 
========================================================================
Received Import Request.
  Time since last request: 80.218437 seconds.
  path: Assets/New Material 3.mat
  artifactKey: Guid(b7df6bf1490f33f4091cf8dafd4f96ef) Importer(815301076,1909f56bfc062723c751e8b465ee728b)
Start importing Assets/New Material 3.mat using Guid(b7df6bf1490f33f4091cf8dafd4f96ef) Importer(815301076,1909f56bfc062723c751e8b465ee728b)  -> (artifact id: 'c88bdff33ff53fa93d3f4e2cd20900cd') in 0.006088 seconds 
========================================================================
Received Import Request.
  Time since last request: 1201.685487 seconds.
  path: Assets/New Material 4.mat
  artifactKey: Guid(010079b8dec1ccf4392e3e8c7a0d1c6a) Importer(815301076,1909f56bfc062723c751e8b465ee728b)
Start importing Assets/New Material 4.mat using Guid(010079b8dec1ccf4392e3e8c7a0d1c6a) Importer(815301076,1909f56bfc062723c751e8b465ee728b)  -> (artifact id: 'cd01f5fc19f7919f37116ed20ee13d20') in 0.014518 seconds 
========================================================================
Received Import Request.
  Time since last request: 13752.549576 seconds.
  path: Assets/New Material 1.mat
  artifactKey: Guid(a14f176ae623c084d93f8bf6214baa1b) Importer(815301076,1909f56bfc062723c751e8b465ee728b)
Start importing Assets/New Material 1.mat using Guid(a14f176ae623c084d93f8bf6214baa1b) Importer(815301076,1909f56bfc062723c751e8b465ee728b)  -> (artifact id: 'de86fc166a117ea450bf26dde820327e') in 0.184003 seconds 
========================================================================
Received Import Request.
  Time since last request: 0.000762 seconds.
  path: Assets/New Material 2.mat
  artifactKey: Guid(944209135cb5e8e4597830ffaee56ede) Importer(815301076,1909f56bfc062723c751e8b465ee728b)
Start importing Assets/New Material 2.mat using Guid(944209135cb5e8e4597830ffaee56ede) Importer(815301076,1909f56bfc062723c751e8b465ee728b)  -> (artifact id: '194da62cf645a02f05430f8094c0c9e8') in 0.011823 seconds 
========================================================================
Received Import Request.
  Time since last request: 0.000251 seconds.
  path: Assets/New Material 3.mat
  artifactKey: Guid(b7df6bf1490f33f4091cf8dafd4f96ef) Importer(815301076,1909f56bfc062723c751e8b465ee728b)
Start importing Assets/New Material 3.mat using Guid(b7df6bf1490f33f4091cf8dafd4f96ef) Importer(815301076,1909f56bfc062723c751e8b465ee728b)  -> (artifact id: '1efa7a82e04882199179e2de2cd0924e') in 0.032046 seconds 
========================================================================
Received Import Request.
  Time since last request: 0.000267 seconds.
  path: Assets/New Material 4.mat
  artifactKey: Guid(010079b8dec1ccf4392e3e8c7a0d1c6a) Importer(815301076,1909f56bfc062723c751e8b465ee728b)
Start importing Assets/New Material 4.mat using Guid(010079b8dec1ccf4392e3e8c7a0d1c6a) Importer(815301076,1909f56bfc062723c751e8b465ee728b)  -> (artifact id: 'b2dda7d7c8b95556b0484167635ec0e9') in 0.009402 seconds 
========================================================================
Received Import Request.
  Time since last request: 0.000199 seconds.
  path: Assets/New Material.mat
  artifactKey: Guid(367d4b9788dc92f41b02b411754122a4) Importer(815301076,1909f56bfc062723c751e8b465ee728b)
Start importing Assets/New Material.mat using Guid(367d4b9788dc92f41b02b411754122a4) Importer(815301076,1909f56bfc062723c751e8b465ee728b)  -> (artifact id: 'c626a5f96389b9c581baa56f2877c67d') in 0.011006 seconds 
========================================================================
Received Import Request.
  Time since last request: 0.000194 seconds.
  path: Assets/New Terrain.asset
  artifactKey: Guid(2de70a8a20aa7bb4995200c7a5fa9dad) Importer(815301076,1909f56bfc062723c751e8b465ee728b)
Start importing Assets/New Terrain.asset using Guid(2de70a8a20aa7bb4995200c7a5fa9dad) Importer(815301076,1909f56bfc062723c751e8b465ee728b)  -> (artifact id: '484cefb247c02e82d38f9a905280beb9') in 0.142131 seconds 
AssetImportWorkerClient::OnTransportError - code=2 error=End of file
